<?xml version="1.0" encoding="UTF-8"?>
<testsuite name="cabInvoiceGenerator.InvoiceGeneratorTest" tests="1" skipped="0" failures="0" errors="0" timestamp="2021-09-25T09:25:04" hostname="OM" time="0.164">
  <properties/>
  <testcase name="givenDistanceAndTime_ShouldReturnTotalFare()" classname="cabInvoiceGenerator.InvoiceGeneratorTest" time="0.164"/>
  <system-out><![CDATA[]]></system-out>
  <system-err><![CDATA[]]></system-err>
</testsuite>
